Flow report for Calculadora
Wed Dec  4 16:59:21 2024
Quartus Prime Version 23.1std.0 Build 991 11/28/2023 SC Lite Edition


---------------------
; Table of Contents ;
---------------------
  1. Legal Notice
  2. Flow Summary
  3. Flow Settings
  4. Flow Non-Default Global Settings
  5. Flow Elapsed Time
  6. Flow OS Summary
  7. Flow Log
  8. Flow Messages
  9. Flow Suppressed Messages



----------------
; Legal Notice ;
----------------
Copyright (C) 2023  Intel Corporation. All rights reserved.
Your use of Intel Corporation's design tools, logic functions 
and other software and tools, and any partner logic 
functions, and any output files from any of the foregoing 
(including device programming or simulation files), and any 
associated documentation or information are expressly subject 
to the terms and conditions of the Intel Program License 
Subscription Agreement, the Intel Quartus Prime License Agreement,
the Intel FPGA IP License Agreement, or other applicable license
agreement, including, without limitation, that your use is for
the sole purpose of programming logic devices manufactured by
Intel and sold by Intel or its authorized distributors.  Please
refer to the applicable agreement for further details, at
https://fpgasoftware.intel.com/eula.



+-------------------------------------------------------------------------------------+
; Flow Summary                                                                        ;
+------------------------------------+------------------------------------------------+
; Flow Status                        ; Successful - Wed Dec  4 16:59:21 2024          ;
; Quartus Prime Version              ; 23.1std.0 Build 991 11/28/2023 SC Lite Edition ;
; Revision Name                      ; Calculadora                                    ;
; Top-level Entity Name              ; calculator_8bit                                ;
; Family                             ; Cyclone IV E                                   ;
; Total logic elements               ; 15 / 6,272 ( < 1 % )                           ;
;     Total combinational functions  ; 15 / 6,272 ( < 1 % )                           ;
;     Dedicated logic registers      ; 0 / 6,272 ( 0 % )                              ;
; Total registers                    ; 0                                              ;
; Total pins                         ; 27 / 92 ( 29 % )                               ;
; Total virtual pins                 ; 0                                              ;
; Total memory bits                  ; 0 / 276,480 ( 0 % )                            ;
; Embedded Multiplier 9-bit elements ; 0 / 30 ( 0 % )                                 ;
; Total PLLs                         ; 0 / 2 ( 0 % )                                  ;
; Device                             ; EP4CE6E22C6                                    ;
; Timing Models                      ; Final                                          ;
+------------------------------------+------------------------------------------------+


+-----------------------------------------+
; Flow Settings                           ;
+-------------------+---------------------+
; Option            ; Setting             ;
+-------------------+---------------------+
; Start date & time ; 12/04/2024 14:18:55 ;
; Main task         ; Compilation         ;
; Revision Name     ; Calculadora         ;
+-------------------+---------------------+


+----------------------------------------------------------------------------------------------------------------------------------------------------+
; Flow Non-Default Global Settings                                                                                                                   ;
+-------------------------------------+----------------------------------------+---------------+-----------------+-----------------------------------+
; Assignment Name                     ; Value                                  ; Default Value ; Entity Name     ; Section Id                        ;
+-------------------------------------+----------------------------------------+---------------+-----------------+-----------------------------------+
; COMPILER_SIGNATURE_ID               ; 246488365131966.173333273525975        ; --            ; --              ; --                                ;
; EDA_GENERATE_FUNCTIONAL_NETLIST     ; Off                                    ; --            ; --              ; eda_board_design_timing           ;
; EDA_GENERATE_FUNCTIONAL_NETLIST     ; Off                                    ; --            ; --              ; eda_board_design_boundary_scan    ;
; EDA_GENERATE_FUNCTIONAL_NETLIST     ; Off                                    ; --            ; --              ; eda_board_design_signal_integrity ;
; EDA_GENERATE_FUNCTIONAL_NETLIST     ; Off                                    ; --            ; --              ; eda_board_design_symbol           ;
; EDA_OUTPUT_DATA_FORMAT              ; Verilog Hdl                            ; --            ; --              ; eda_simulation                    ;
; EDA_SIMULATION_TOOL                 ; Questa Intel FPGA (Verilog)            ; <None>        ; --              ; --                                ;
; EDA_TIME_SCALE                      ; 1 ps                                   ; --            ; --              ; eda_simulation                    ;
; PARTITION_COLOR                     ; -- (Not supported for targeted family) ; --            ; calculator_8bit ; Top                               ;
; PARTITION_FITTER_PRESERVATION_LEVEL ; -- (Not supported for targeted family) ; --            ; calculator_8bit ; Top                               ;
; PARTITION_NETLIST_TYPE              ; -- (Not supported for targeted family) ; --            ; calculator_8bit ; Top                               ;
; PROJECT_OUTPUT_DIRECTORY            ; output_files                           ; --            ; --              ; --                                ;
; TOP_LEVEL_ENTITY                    ; calculator_8bit                        ; Calculadora   ; --              ; --                                ;
+-------------------------------------+----------------------------------------+---------------+-----------------+-----------------------------------+


+--------------------------------------------------------------------------------------------------------------------------+
; Flow Elapsed Time                                                                                                        ;
+----------------------+--------------+-------------------------+---------------------+------------------------------------+
; Module Name          ; Elapsed Time ; Average Processors Used ; Peak Virtual Memory ; Total CPU Time (on all processors) ;
+----------------------+--------------+-------------------------+---------------------+------------------------------------+
; Analysis & Synthesis ; 00:00:05     ; 1.0                     ; 444 MB              ; 00:00:13                           ;
; Fitter               ; 00:00:02     ; 1.0                     ; 1380 MB             ; 00:00:03                           ;
; Assembler            ; 00:00:00     ; 1.0                     ; 331 MB              ; 00:00:00                           ;
; Timing Analyzer      ; 00:00:01     ; 1.0                     ; 517 MB              ; 00:00:01                           ;
; EDA Netlist Writer   ; 00:00:00     ; 1.0                     ; 580 MB              ; 00:00:00                           ;
; EDA Netlist Writer   ; 00:00:00     ; 1.0                     ; 568 MB              ; 00:00:00                           ;
; EDA Netlist Writer   ; 00:00:00     ; 1.0                     ; 568 MB              ; 00:00:00                           ;
; EDA Netlist Writer   ; 00:00:00     ; 1.0                     ; 580 MB              ; 00:00:00                           ;
; EDA Netlist Writer   ; 00:00:00     ; 1.0                     ; 568 MB              ; 00:00:00                           ;
; EDA Netlist Writer   ; 00:00:01     ; 1.0                     ; 580 MB              ; 00:00:00                           ;
; EDA Netlist Writer   ; 00:00:00     ; 1.0                     ; 568 MB              ; 00:00:00                           ;
; EDA Netlist Writer   ; 00:00:00     ; 1.0                     ; 580 MB              ; 00:00:00                           ;
; EDA Netlist Writer   ; 00:00:00     ; 1.0                     ; 568 MB              ; 00:00:00                           ;
; EDA Netlist Writer   ; 00:00:00     ; 1.0                     ; 580 MB              ; 00:00:00                           ;
; EDA Netlist Writer   ; 00:00:00     ; 1.0                     ; 568 MB              ; 00:00:00                           ;
; EDA Netlist Writer   ; 00:00:00     ; 1.0                     ; 580 MB              ; 00:00:00                           ;
; EDA Netlist Writer   ; 00:00:00     ; 1.0                     ; 568 MB              ; 00:00:00                           ;
; EDA Netlist Writer   ; 00:00:00     ; 1.0                     ; 580 MB              ; 00:00:00                           ;
; EDA Netlist Writer   ; 00:00:00     ; 1.0                     ; 568 MB              ; 00:00:00                           ;
; EDA Netlist Writer   ; 00:00:00     ; 1.0                     ; 580 MB              ; 00:00:00                           ;
; EDA Netlist Writer   ; 00:00:01     ; 1.0                     ; 568 MB              ; 00:00:00                           ;
; EDA Netlist Writer   ; 00:00:00     ; 1.0                     ; 580 MB              ; 00:00:00                           ;
; EDA Netlist Writer   ; 00:00:00     ; 1.0                     ; 568 MB              ; 00:00:00                           ;
; EDA Netlist Writer   ; 00:00:01     ; 1.0                     ; 568 MB              ; 00:00:00                           ;
; EDA Netlist Writer   ; 00:00:00     ; 1.0                     ; 580 MB              ; 00:00:00                           ;
; EDA Netlist Writer   ; 00:00:01     ; 1.0                     ; 568 MB              ; 00:00:00                           ;
; EDA Netlist Writer   ; 00:00:00     ; 1.0                     ; 568 MB              ; 00:00:00                           ;
; EDA Netlist Writer   ; 00:00:00     ; 1.0                     ; 580 MB              ; 00:00:00                           ;
; EDA Netlist Writer   ; 00:00:00     ; 1.0                     ; 568 MB              ; 00:00:00                           ;
; EDA Netlist Writer   ; 00:00:01     ; 1.0                     ; 580 MB              ; 00:00:00                           ;
; Total                ; 00:00:13     ; --                      ; --                  ; 00:00:17                           ;
+----------------------+--------------+-------------------------+---------------------+------------------------------------+


+----------------------------------------------------------------------------------------+
; Flow OS Summary                                                                        ;
+----------------------+------------------+----------------+------------+----------------+
; Module Name          ; Machine Hostname ; OS Name        ; OS Version ; Processor type ;
+----------------------+------------------+----------------+------------+----------------+
; Analysis & Synthesis ; marinaLinux      ; Ubuntu 22.04.4 ; 22         ; x86_64         ;
; Fitter               ; marinaLinux      ; Ubuntu 22.04.4 ; 22         ; x86_64         ;
; Assembler            ; marinaLinux      ; Ubuntu 22.04.4 ; 22         ; x86_64         ;
; Timing Analyzer      ; marinaLinux      ; Ubuntu 22.04.4 ; 22         ; x86_64         ;
; EDA Netlist Writer   ; marinaLinux      ; Ubuntu 22.04.4 ; 22         ; x86_64         ;
; EDA Netlist Writer   ; marinaLinux      ; Ubuntu 22.04.4 ; 22         ; x86_64         ;
; EDA Netlist Writer   ; marinaLinux      ; Ubuntu 22.04.4 ; 22         ; x86_64         ;
; EDA Netlist Writer   ; marinaLinux      ; Ubuntu 22.04.4 ; 22         ; x86_64         ;
; EDA Netlist Writer   ; marinaLinux      ; Ubuntu 22.04.4 ; 22         ; x86_64         ;
; EDA Netlist Writer   ; marinaLinux      ; Ubuntu 22.04.4 ; 22         ; x86_64         ;
; EDA Netlist Writer   ; marinaLinux      ; Ubuntu 22.04.4 ; 22         ; x86_64         ;
; EDA Netlist Writer   ; marinaLinux      ; Ubuntu 22.04.4 ; 22         ; x86_64         ;
; EDA Netlist Writer   ; marinaLinux      ; Ubuntu 22.04.4 ; 22         ; x86_64         ;
; EDA Netlist Writer   ; marinaLinux      ; Ubuntu 22.04.4 ; 22         ; x86_64         ;
; EDA Netlist Writer   ; marinaLinux      ; Ubuntu 22.04.4 ; 22         ; x86_64         ;
; EDA Netlist Writer   ; marinaLinux      ; Ubuntu 22.04.4 ; 22         ; x86_64         ;
; EDA Netlist Writer   ; marinaLinux      ; Ubuntu 22.04.4 ; 22         ; x86_64         ;
; EDA Netlist Writer   ; marinaLinux      ; Ubuntu 22.04.4 ; 22         ; x86_64         ;
; EDA Netlist Writer   ; marinaLinux      ; Ubuntu 22.04.4 ; 22         ; x86_64         ;
; EDA Netlist Writer   ; marinaLinux      ; Ubuntu 22.04.4 ; 22         ; x86_64         ;
; EDA Netlist Writer   ; marinaLinux      ; Ubuntu 22.04.4 ; 22         ; x86_64         ;
; EDA Netlist Writer   ; marinaLinux      ; Ubuntu 22.04.4 ; 22         ; x86_64         ;
; EDA Netlist Writer   ; marinaLinux      ; Ubuntu 22.04.4 ; 22         ; x86_64         ;
; EDA Netlist Writer   ; marinaLinux      ; Ubuntu 22.04.4 ; 22         ; x86_64         ;
; EDA Netlist Writer   ; marinaLinux      ; Ubuntu 22.04.4 ; 22         ; x86_64         ;
; EDA Netlist Writer   ; marinaLinux      ; Ubuntu 22.04.4 ; 22         ; x86_64         ;
; EDA Netlist Writer   ; marinaLinux      ; Ubuntu 22.04.4 ; 22         ; x86_64         ;
; EDA Netlist Writer   ; marinaLinux      ; Ubuntu 22.04.4 ; 22         ; x86_64         ;
; EDA Netlist Writer   ; marinaLinux      ; Ubuntu 22.04.4 ; 22         ; x86_64         ;
; EDA Netlist Writer   ; marinaLinux      ; Ubuntu 22.04.4 ; 22         ; x86_64         ;
+----------------------+------------------+----------------+------------+----------------+


------------
; Flow Log ;
------------
quartus_map --read_settings_files=on --write_settings_files=off Calculadora -c Calculadora
quartus_fit --read_settings_files=off --write_settings_files=off Calculadora -c Calculadora
quartus_asm --read_settings_files=off --write_settings_files=off Calculadora -c Calculadora
quartus_sta Calculadora -c Calculadora
quartus_eda --read_settings_files=off --write_settings_files=off Calculadora -c Calculadora
quartus_eda --gen_testbench --tool=modelsim_oem --format=vhdl --write_settings_files=off Calculadora -c Calculadora --vector_source=/home/marina/Documents/2024_2_CircuitosLogicos/unidade02/2.2/Calculadora/Waveform1.vwf --testbench_file=/home/marina/Documents/2024_2_CircuitosLogicos/unidade02/2.2/Calculadora/simulation/qsim/Waveform1.vwf.vht
quartus_eda --gen_testbench --tool=modelsim_oem --format=vhdl --write_settings_files=off Calculadora -c Calculadora --vector_source=/home/marina/Documents/2024_2_CircuitosLogicos/unidade02/2.2/Calculadora/Waveform1.vwf --testbench_file=/home/marina/Documents/2024_2_CircuitosLogicos/unidade02/2.2/Calculadora/simulation/qsim/Waveform1.vwf.vht
quartus_eda --write_settings_files=off --simulation=on --functional=on --flatten_buses=off --tool=modelsim_oem --format=vhdl --output_directory=/home/marina/Documents/2024_2_CircuitosLogicos/unidade02/2.2/Calculadora/simulation/qsim/ Calculadora -c Calculadora
quartus_eda --gen_testbench --tool=modelsim_oem --format=vhdl --write_settings_files=off Calculadora -c Calculadora --vector_source=/home/marina/Documents/2024_2_CircuitosLogicos/unidade02/2.2/Calculadora/Waveform2.vwf --testbench_file=/home/marina/Documents/2024_2_CircuitosLogicos/unidade02/2.2/Calculadora/simulation/qsim/Waveform2.vwf.vht
quartus_eda --write_settings_files=off --simulation=on --functional=on --flatten_buses=off --tool=modelsim_oem --format=vhdl --output_directory=/home/marina/Documents/2024_2_CircuitosLogicos/unidade02/2.2/Calculadora/simulation/qsim/ Calculadora -c Calculadora
quartus_eda --gen_testbench --tool=modelsim_oem --format=vhdl --write_settings_files=off Calculadora -c Calculadora --vector_source=/home/marina/Documents/2024_2_CircuitosLogicos/unidade02/2.2/Calculadora/Waveform2.vwf --testbench_file=/home/marina/Documents/2024_2_CircuitosLogicos/unidade02/2.2/Calculadora/simulation/qsim/Waveform2.vwf.vht
quartus_eda --write_settings_files=off --simulation=on --functional=on --flatten_buses=off --tool=modelsim_oem --format=vhdl --output_directory=/home/marina/Documents/2024_2_CircuitosLogicos/unidade02/2.2/Calculadora/simulation/qsim/ Calculadora -c Calculadora
quartus_eda --gen_testbench --tool=modelsim_oem --format=vhdl --write_settings_files=off Calculadora -c Calculadora --vector_source=/home/marina/Documents/2024_2_CircuitosLogicos/unidade02/2.2/Calculadora/Waveform2.vwf --testbench_file=/home/marina/Documents/2024_2_CircuitosLogicos/unidade02/2.2/Calculadora/simulation/qsim/Waveform2.vwf.vht
quartus_eda --write_settings_files=off --simulation=on --functional=on --flatten_buses=off --tool=modelsim_oem --format=vhdl --output_directory=/home/marina/Documents/2024_2_CircuitosLogicos/unidade02/2.2/Calculadora/simulation/qsim/ Calculadora -c Calculadora
quartus_eda --gen_testbench --tool=modelsim_oem --format=vhdl --write_settings_files=off Calculadora -c Calculadora --vector_source=/home/marina/Documents/2024_2_CircuitosLogicos/unidade02/2.2/Calculadora/Waveform2.vwf --testbench_file=/home/marina/Documents/2024_2_CircuitosLogicos/unidade02/2.2/Calculadora/simulation/qsim/Waveform2.vwf.vht
quartus_eda --write_settings_files=off --simulation=on --functional=on --flatten_buses=off --tool=modelsim_oem --format=vhdl --output_directory=/home/marina/Documents/2024_2_CircuitosLogicos/unidade02/2.2/Calculadora/simulation/qsim/ Calculadora -c Calculadora
quartus_eda --gen_testbench --tool=modelsim_oem --format=vhdl --write_settings_files=off Calculadora -c Calculadora --vector_source=/home/marina/Documents/2024_2_CircuitosLogicos/unidade02/2.2/Calculadora/Waveform2.vwf --testbench_file=/home/marina/Documents/2024_2_CircuitosLogicos/unidade02/2.2/Calculadora/simulation/qsim/Waveform2.vwf.vht
quartus_eda --write_settings_files=off --simulation=on --functional=on --flatten_buses=off --tool=modelsim_oem --format=vhdl --output_directory=/home/marina/Documents/2024_2_CircuitosLogicos/unidade02/2.2/Calculadora/simulation/qsim/ Calculadora -c Calculadora
quartus_eda --gen_testbench --tool=modelsim_oem --format=vhdl --write_settings_files=off Calculadora -c Calculadora --vector_source=/home/marina/Documents/2024_2_CircuitosLogicos/unidade02/2.2/Calculadora/Waveform2.vwf --testbench_file=/home/marina/Documents/2024_2_CircuitosLogicos/unidade02/2.2/Calculadora/simulation/qsim/Waveform2.vwf.vht
quartus_eda --write_settings_files=off --simulation=on --functional=on --flatten_buses=off --tool=modelsim_oem --format=vhdl --output_directory=/home/marina/Documents/2024_2_CircuitosLogicos/unidade02/2.2/Calculadora/simulation/qsim/ Calculadora -c Calculadora
quartus_eda --gen_testbench --tool=modelsim_oem --format=vhdl --write_settings_files=off Calculadora -c Calculadora --vector_source=/home/marina/Documents/2024_2_CircuitosLogicos/unidade02/2.2/Calculadora/Waveform2.vwf --testbench_file=/home/marina/Documents/2024_2_CircuitosLogicos/unidade02/2.2/Calculadora/simulation/qsim/Waveform2.vwf.vht
quartus_eda --write_settings_files=off --simulation=on --functional=on --flatten_buses=off --tool=modelsim_oem --format=vhdl --output_directory=/home/marina/Documents/2024_2_CircuitosLogicos/unidade02/2.2/Calculadora/simulation/qsim/ Calculadora -c Calculadora
quartus_eda --gen_testbench --tool=modelsim_oem --format=vhdl --write_settings_files=off Calculadora -c Calculadora --vector_source=/home/marina/Documents/2024_2_CircuitosLogicos/unidade02/2.2/Calculadora/Waveform3.vwf --testbench_file=/home/marina/Documents/2024_2_CircuitosLogicos/unidade02/2.2/Calculadora/simulation/qsim/Waveform3.vwf.vht
quartus_eda --gen_testbench --tool=modelsim_oem --format=vhdl --write_settings_files=off Calculadora -c Calculadora --vector_source=/home/marina/Documents/2024_2_CircuitosLogicos/unidade02/2.2/Calculadora/Waveform3.vwf --testbench_file=/home/marina/Documents/2024_2_CircuitosLogicos/unidade02/2.2/Calculadora/simulation/qsim/Waveform3.vwf.vht
quartus_eda --write_settings_files=off --simulation=on --functional=on --flatten_buses=off --tool=modelsim_oem --format=vhdl --output_directory=/home/marina/Documents/2024_2_CircuitosLogicos/unidade02/2.2/Calculadora/simulation/qsim/ Calculadora -c Calculadora
quartus_eda --gen_testbench --tool=modelsim_oem --format=vhdl --write_settings_files=off Calculadora -c Calculadora --vector_source=/home/marina/Documents/2024_2_CircuitosLogicos/unidade02/2.2/Calculadora/Waveform4.vwf --testbench_file=/home/marina/Documents/2024_2_CircuitosLogicos/unidade02/2.2/Calculadora/simulation/qsim/Waveform4.vwf.vht
quartus_eda --gen_testbench --tool=modelsim_oem --format=vhdl --write_settings_files=off Calculadora -c Calculadora --vector_source=/home/marina/Documents/2024_2_CircuitosLogicos/unidade02/2.2/Calculadora/Waveform4.vwf --testbench_file=/home/marina/Documents/2024_2_CircuitosLogicos/unidade02/2.2/Calculadora/simulation/qsim/Waveform4.vwf.vht
quartus_eda --write_settings_files=off --simulation=on --functional=on --flatten_buses=off --tool=modelsim_oem --format=vhdl --output_directory=/home/marina/Documents/2024_2_CircuitosLogicos/unidade02/2.2/Calculadora/simulation/qsim/ Calculadora -c Calculadora
quartus_eda --gen_testbench --tool=modelsim_oem --format=vhdl --write_settings_files=off Calculadora -c Calculadora --vector_source=/home/marina/Documents/2024_2_CircuitosLogicos/unidade02/2.2/Calculadora/Waveform4.vwf --testbench_file=/home/marina/Documents/2024_2_CircuitosLogicos/unidade02/2.2/Calculadora/simulation/qsim/Waveform4.vwf.vht
quartus_eda --write_settings_files=off --simulation=on --functional=on --flatten_buses=off --tool=modelsim_oem --format=vhdl --output_directory=/home/marina/Documents/2024_2_CircuitosLogicos/unidade02/2.2/Calculadora/simulation/qsim/ Calculadora -c Calculadora



