Flow report for ula_16b
Tue Dec  3 20:18:40 2024
Quartus Prime Version 23.1std.0 Build 991 11/28/2023 SC Lite Edition


---------------------
; Table of Contents ;
---------------------
  1. Legal Notice
  2. Flow Summary
  3. Flow Settings
  4. Flow Non-Default Global Settings
  5. Flow Elapsed Time
  6. Flow OS Summary
  7. Flow Log
  8. Flow Messages
  9. Flow Suppressed Messages



----------------
; Legal Notice ;
----------------
Copyright (C) 2023  Intel Corporation. All rights reserved.
Your use of Intel Corporation's design tools, logic functions 
and other software and tools, and any partner logic 
functions, and any output files from any of the foregoing 
(including device programming or simulation files), and any 
associated documentation or information are expressly subject 
to the terms and conditions of the Intel Program License 
Subscription Agreement, the Intel Quartus Prime License Agreement,
the Intel FPGA IP License Agreement, or other applicable license
agreement, including, without limitation, that your use is for
the sole purpose of programming logic devices manufactured by
Intel and sold by Intel or its authorized distributors.  Please
refer to the applicable agreement for further details, at
https://fpgasoftware.intel.com/eula.



+-------------------------------------------------------------------------------------+
; Flow Summary                                                                        ;
+------------------------------------+------------------------------------------------+
; Flow Status                        ; Successful - Tue Dec  3 20:18:40 2024          ;
; Quartus Prime Version              ; 23.1std.0 Build 991 11/28/2023 SC Lite Edition ;
; Revision Name                      ; ula_16b                                        ;
; Top-level Entity Name              ; ula_16b                                        ;
; Family                             ; Cyclone IV E                                   ;
; Total logic elements               ; 102 / 6,272 ( 2 % )                            ;
;     Total combinational functions  ; 102 / 6,272 ( 2 % )                            ;
;     Dedicated logic registers      ; 0 / 6,272 ( 0 % )                              ;
; Total registers                    ; 0                                              ;
; Total pins                         ; 52 / 92 ( 57 % )                               ;
; Total virtual pins                 ; 0                                              ;
; Total memory bits                  ; 0 / 276,480 ( 0 % )                            ;
; Embedded Multiplier 9-bit elements ; 0 / 30 ( 0 % )                                 ;
; Total PLLs                         ; 0 / 2 ( 0 % )                                  ;
; Device                             ; EP4CE6E22C6                                    ;
; Timing Models                      ; Final                                          ;
+------------------------------------+------------------------------------------------+


+-----------------------------------------+
; Flow Settings                           ;
+-------------------+---------------------+
; Option            ; Setting             ;
+-------------------+---------------------+
; Start date & time ; 12/03/2024 20:16:47 ;
; Main task         ; Compilation         ;
; Revision Name     ; ula_16b             ;
+-------------------+---------------------+


+------------------------------------------------------------------------------------------------------------------------------------------------+
; Flow Non-Default Global Settings                                                                                                               ;
+-------------------------------------+----------------------------------------+---------------+-------------+-----------------------------------+
; Assignment Name                     ; Value                                  ; Default Value ; Entity Name ; Section Id                        ;
+-------------------------------------+----------------------------------------+---------------+-------------+-----------------------------------+
; COMPILER_SIGNATURE_ID               ; 4931004179385.173326780737016          ; --            ; --          ; --                                ;
; EDA_GENERATE_FUNCTIONAL_NETLIST     ; Off                                    ; --            ; --          ; eda_board_design_timing           ;
; EDA_GENERATE_FUNCTIONAL_NETLIST     ; Off                                    ; --            ; --          ; eda_timing_analysis               ;
; EDA_GENERATE_FUNCTIONAL_NETLIST     ; Off                                    ; --            ; --          ; eda_board_design_boundary_scan    ;
; EDA_GENERATE_FUNCTIONAL_NETLIST     ; Off                                    ; --            ; --          ; eda_board_design_signal_integrity ;
; EDA_GENERATE_FUNCTIONAL_NETLIST     ; Off                                    ; --            ; --          ; eda_formal_verification           ;
; EDA_GENERATE_FUNCTIONAL_NETLIST     ; Off                                    ; --            ; --          ; eda_board_design_symbol           ;
; EDA_OUTPUT_DATA_FORMAT              ; Verilog Hdl                            ; --            ; --          ; eda_simulation                    ;
; EDA_SIMULATION_TOOL                 ; Questa Intel FPGA (Verilog)            ; <None>        ; --          ; --                                ;
; EDA_TIME_SCALE                      ; 1 ps                                   ; --            ; --          ; eda_simulation                    ;
; PARTITION_COLOR                     ; -- (Not supported for targeted family) ; --            ; --          ; Top                               ;
; PARTITION_FITTER_PRESERVATION_LEVEL ; -- (Not supported for targeted family) ; --            ; --          ; Top                               ;
; PARTITION_NETLIST_TYPE              ; -- (Not supported for targeted family) ; --            ; --          ; Top                               ;
; PROJECT_OUTPUT_DIRECTORY            ; output_files                           ; --            ; --          ; --                                ;
+-------------------------------------+----------------------------------------+---------------+-------------+-----------------------------------+


+--------------------------------------------------------------------------------------------------------------------------+
; Flow Elapsed Time                                                                                                        ;
+----------------------+--------------+-------------------------+---------------------+------------------------------------+
; Module Name          ; Elapsed Time ; Average Processors Used ; Peak Virtual Memory ; Total CPU Time (on all processors) ;
+----------------------+--------------+-------------------------+---------------------+------------------------------------+
; Analysis & Synthesis ; 00:00:05     ; 1.0                     ; 444 MB              ; 00:00:13                           ;
; Fitter               ; 00:00:02     ; 1.0                     ; 1548 MB             ; 00:00:03                           ;
; Assembler            ; 00:00:01     ; 1.0                     ; 331 MB              ; 00:00:00                           ;
; Timing Analyzer      ; 00:00:00     ; 1.0                     ; 546 MB              ; 00:00:01                           ;
; EDA Netlist Writer   ; 00:00:01     ; 1.0                     ; 583 MB              ; 00:00:00                           ;
; EDA Netlist Writer   ; 00:00:01     ; 1.0                     ; 580 MB              ; 00:00:00                           ;
; EDA Netlist Writer   ; 00:00:00     ; 1.0                     ; 580 MB              ; 00:00:00                           ;
; Total                ; 00:00:10     ; --                      ; --                  ; 00:00:17                           ;
+----------------------+--------------+-------------------------+---------------------+------------------------------------+


+----------------------------------------------------------------------------------------------------+
; Flow OS Summary                                                                                    ;
+----------------------+------------------+--------------------+--------------------+----------------+
; Module Name          ; Machine Hostname ; OS Name            ; OS Version         ; Processor type ;
+----------------------+------------------+--------------------+--------------------+----------------+
; Analysis & Synthesis ; archlinux        ; \S{PRETTY_NAME} \r ; \S{PRETTY_NAME} \r ; x86_64         ;
; Fitter               ; archlinux        ; \S{PRETTY_NAME} \r ; \S{PRETTY_NAME} \r ; x86_64         ;
; Assembler            ; archlinux        ; \S{PRETTY_NAME} \r ; \S{PRETTY_NAME} \r ; x86_64         ;
; Timing Analyzer      ; archlinux        ; \S{PRETTY_NAME} \r ; \S{PRETTY_NAME} \r ; x86_64         ;
; EDA Netlist Writer   ; archlinux        ; \S{PRETTY_NAME} \r ; \S{PRETTY_NAME} \r ; x86_64         ;
; EDA Netlist Writer   ; archlinux        ; \S{PRETTY_NAME} \r ; \S{PRETTY_NAME} \r ; x86_64         ;
; EDA Netlist Writer   ; archlinux        ; \S{PRETTY_NAME} \r ; \S{PRETTY_NAME} \r ; x86_64         ;
+----------------------+------------------+--------------------+--------------------+----------------+


------------
; Flow Log ;
------------
quartus_map --read_settings_files=on --write_settings_files=off ula_16b -c ula_16b
quartus_fit --read_settings_files=off --write_settings_files=off ula_16b -c ula_16b
quartus_asm --read_settings_files=off --write_settings_files=off ula_16b -c ula_16b
quartus_sta ula_16b -c ula_16b
quartus_eda --read_settings_files=off --write_settings_files=off ula_16b -c ula_16b
quartus_eda --gen_testbench --tool=modelsim_oem --format=vhdl --write_settings_files=off ula_16b -c ula_16b --vector_source="/home/leema/OneDrive/Cave/Projects/2024.2-UFRN/Courses/Circuitos Logicos/Atividades/Atividade 2.5/ULA/Waveform.vwf" --testbench_file="/home/leema/OneDrive/Cave/Projects/2024.2-UFRN/Courses/Circuitos Logicos/Atividades/Atividade 2.5/ULA/simulation/qsim/Waveform.vwf.vht"
quartus_eda --write_settings_files=off --simulation=on --functional=on --flatten_buses=off --tool=modelsim_oem --format=vhdl --output_directory="/home/leema/OneDrive/Cave/Projects/2024.2-UFRN/Courses/Circuitos Logicos/Atividades/Atividade 2.5/ULA/simulation/qsim/" ula_16b -c ula_16b



