Analysis & Synthesis report for ula_16b
Wed Jan 29 14:16:27 2025
Quartus Prime Version 23.1std.1 Build 993 05/14/2024 SC Lite Edition


---------------------
; Table of Contents ;
---------------------
  1. Legal Notice
  2. Analysis & Synthesis Summary
  3. Analysis & Synthesis Settings
  4. Parallel Compilation
  5. Analysis & Synthesis Source Files Read
  6. Analysis & Synthesis Resource Usage Summary
  7. Analysis & Synthesis Resource Utilization by Entity
  8. State Machine - |altera_frontend|estado_atual
  9. Registers Removed During Synthesis
 10. General Register Statistics
 11. Multiplexer Restructuring Statistics (Restructuring Performed)
 12. Post-Synthesis Netlist Statistics for Top Partition
 13. Elapsed Time Per Partition
 14. Analysis & Synthesis Messages



----------------
; Legal Notice ;
----------------
Copyright (C) 2024  Intel Corporation. All rights reserved.
Your use of Intel Corporation's design tools, logic functions 
and other software and tools, and any partner logic 
functions, and any output files from any of the foregoing 
(including device programming or simulation files), and any 
associated documentation or information are expressly subject 
to the terms and conditions of the Intel Program License 
Subscription Agreement, the Intel Quartus Prime License Agreement,
the Intel FPGA IP License Agreement, or other applicable license
agreement, including, without limitation, that your use is for
the sole purpose of programming logic devices manufactured by
Intel and sold by Intel or its authorized distributors.  Please
refer to the applicable agreement for further details, at
https://fpgasoftware.intel.com/eula.



+-------------------------------------------------------------------------------------+
; Analysis & Synthesis Summary                                                        ;
+------------------------------------+------------------------------------------------+
; Analysis & Synthesis Status        ; Successful - Wed Jan 29 14:16:27 2025          ;
; Quartus Prime Version              ; 23.1std.1 Build 993 05/14/2024 SC Lite Edition ;
; Revision Name                      ; ula_16b                                        ;
; Top-level Entity Name              ; altera_frontend                                ;
; Family                             ; Cyclone IV E                                   ;
; Total logic elements               ; 214                                            ;
;     Total combinational functions  ; 175                                            ;
;     Dedicated logic registers      ; 43                                             ;
; Total registers                    ; 43                                             ;
; Total pins                         ; 73                                             ;
; Total virtual pins                 ; 0                                              ;
; Total memory bits                  ; 0                                              ;
; Embedded Multiplier 9-bit elements ; 0                                              ;
; Total PLLs                         ; 0                                              ;
+------------------------------------+------------------------------------------------+


+------------------------------------------------------------------------------------------------------------+
; Analysis & Synthesis Settings                                                                              ;
+------------------------------------------------------------------+--------------------+--------------------+
; Option                                                           ; Setting            ; Default Value      ;
+------------------------------------------------------------------+--------------------+--------------------+
; Device                                                           ; EP4CE115F29C7      ;                    ;
; Top-level entity name                                            ; altera_frontend    ; ula_16b            ;
; Family name                                                      ; Cyclone IV E       ; Cyclone V          ;
; Use smart compilation                                            ; Off                ; Off                ;
; Enable parallel Assembler and Timing Analyzer during compilation ; On                 ; On                 ;
; Enable compact report table                                      ; Off                ; Off                ;
; Restructure Multiplexers                                         ; Auto               ; Auto               ;
; Create Debugging Nodes for IP Cores                              ; Off                ; Off                ;
; Preserve fewer node names                                        ; On                 ; On                 ;
; Intel FPGA IP Evaluation Mode                                    ; Enable             ; Enable             ;
; Verilog Version                                                  ; Verilog_2001       ; Verilog_2001       ;
; VHDL Version                                                     ; VHDL_1993          ; VHDL_1993          ;
; State Machine Processing                                         ; Auto               ; Auto               ;
; Safe State Machine                                               ; Off                ; Off                ;
; Extract Verilog State Machines                                   ; On                 ; On                 ;
; Extract VHDL State Machines                                      ; On                 ; On                 ;
; Ignore Verilog initial constructs                                ; Off                ; Off                ;
; Iteration limit for constant Verilog loops                       ; 5000               ; 5000               ;
; Iteration limit for non-constant Verilog loops                   ; 250                ; 250                ;
; Add Pass-Through Logic to Inferred RAMs                          ; On                 ; On                 ;
; Infer RAMs from Raw Logic                                        ; On                 ; On                 ;
; Parallel Synthesis                                               ; On                 ; On                 ;
; DSP Block Balancing                                              ; Auto               ; Auto               ;
; NOT Gate Push-Back                                               ; On                 ; On                 ;
; Power-Up Don't Care                                              ; On                 ; On                 ;
; Remove Redundant Logic Cells                                     ; Off                ; Off                ;
; Remove Duplicate Registers                                       ; On                 ; On                 ;
; Ignore CARRY Buffers                                             ; Off                ; Off                ;
; Ignore CASCADE Buffers                                           ; Off                ; Off                ;
; Ignore GLOBAL Buffers                                            ; Off                ; Off                ;
; Ignore ROW GLOBAL Buffers                                        ; Off                ; Off                ;
; Ignore LCELL Buffers                                             ; Off                ; Off                ;
; Ignore SOFT Buffers                                              ; On                 ; On                 ;
; Limit AHDL Integers to 32 Bits                                   ; Off                ; Off                ;
; Optimization Technique                                           ; Balanced           ; Balanced           ;
; Carry Chain Length                                               ; 70                 ; 70                 ;
; Auto Carry Chains                                                ; On                 ; On                 ;
; Auto Open-Drain Pins                                             ; On                 ; On                 ;
; Perform WYSIWYG Primitive Resynthesis                            ; Off                ; Off                ;
; Auto ROM Replacement                                             ; On                 ; On                 ;
; Auto RAM Replacement                                             ; On                 ; On                 ;
; Auto DSP Block Replacement                                       ; On                 ; On                 ;
; Auto Shift Register Replacement                                  ; Auto               ; Auto               ;
; Allow Shift Register Merging across Hierarchies                  ; Auto               ; Auto               ;
; Auto Clock Enable Replacement                                    ; On                 ; On                 ;
; Strict RAM Replacement                                           ; Off                ; Off                ;
; Allow Synchronous Control Signals                                ; On                 ; On                 ;
; Force Use of Synchronous Clear Signals                           ; Off                ; Off                ;
; Auto RAM Block Balancing                                         ; On                 ; On                 ;
; Auto RAM to Logic Cell Conversion                                ; Off                ; Off                ;
; Auto Resource Sharing                                            ; Off                ; Off                ;
; Allow Any RAM Size For Recognition                               ; Off                ; Off                ;
; Allow Any ROM Size For Recognition                               ; Off                ; Off                ;
; Allow Any Shift Register Size For Recognition                    ; Off                ; Off                ;
; Use LogicLock Constraints during Resource Balancing              ; On                 ; On                 ;
; Ignore translate_off and synthesis_off directives                ; Off                ; Off                ;
; Timing-Driven Synthesis                                          ; On                 ; On                 ;
; Report Parameter Settings                                        ; On                 ; On                 ;
; Report Source Assignments                                        ; On                 ; On                 ;
; Report Connectivity Checks                                       ; On                 ; On                 ;
; Ignore Maximum Fan-Out Assignments                               ; Off                ; Off                ;
; Synchronization Register Chain Length                            ; 2                  ; 2                  ;
; Power Optimization During Synthesis                              ; Normal compilation ; Normal compilation ;
; HDL message level                                                ; Level2             ; Level2             ;
; Suppress Register Optimization Related Messages                  ; Off                ; Off                ;
; Number of Removed Registers Reported in Synthesis Report         ; 5000               ; 5000               ;
; Number of Swept Nodes Reported in Synthesis Report               ; 5000               ; 5000               ;
; Number of Inverted Registers Reported in Synthesis Report        ; 100                ; 100                ;
; Clock MUX Protection                                             ; On                 ; On                 ;
; Auto Gated Clock Conversion                                      ; Off                ; Off                ;
; Block Design Naming                                              ; Auto               ; Auto               ;
; SDC constraint protection                                        ; Off                ; Off                ;
; Synthesis Effort                                                 ; Auto               ; Auto               ;
; Shift Register Replacement - Allow Asynchronous Clear Signal     ; On                 ; On                 ;
; Pre-Mapping Resynthesis Optimization                             ; Off                ; Off                ;
; Analysis & Synthesis Message Level                               ; Medium             ; Medium             ;
; Disable Register Merging Across Hierarchies                      ; Auto               ; Auto               ;
; Resource Aware Inference For Block RAM                           ; On                 ; On                 ;
+------------------------------------------------------------------+--------------------+--------------------+


+------------------------------------------+
; Parallel Compilation                     ;
+----------------------------+-------------+
; Processors                 ; Number      ;
+----------------------------+-------------+
; Number detected on machine ; 12          ;
; Maximum allowed            ; 12          ;
;                            ;             ;
; Average used               ; 1.00        ;
; Maximum used               ; 12          ;
;                            ;             ;
; Usage by Processor         ; % Time Used ;
;     Processor 1            ; 100.0%      ;
;     Processors 2-12        ;   0.0%      ;
+----------------------------+-------------+


+---------------------------------------------------------------------------------------------------------------------------------------------------------+
; Analysis & Synthesis Source Files Read                                                                                                                  ;
+----------------------------------+-----------------+-----------------+------------------------------------------------------------------------+---------+
; File Name with User-Entered Path ; Used in Netlist ; File Type       ; File Name with Absolute Path                                           ; Library ;
+----------------------------------+-----------------+-----------------+------------------------------------------------------------------------+---------+
; altera_frontend.vhd              ; yes             ; User VHDL File  ; /home/leema/codeclusterfuck/Logic-Circuits/2.5/ULA/altera_frontend.vhd ;         ;
; hex_to_7seg.vhd                  ; yes             ; User VHDL File  ; /home/leema/codeclusterfuck/Logic-Circuits/2.5/ULA/hex_to_7seg.vhd     ;         ;
; full_adder16b.vhd                ; yes             ; User VHDL File  ; /home/leema/codeclusterfuck/Logic-Circuits/2.5/ULA/full_adder16b.vhd   ;         ;
; ula_16b.vhd                      ; yes             ; User VHDL File  ; /home/leema/codeclusterfuck/Logic-Circuits/2.5/ULA/ula_16b.vhd         ;         ;
; full_adder1b.vhd                 ; yes             ; User VHDL File  ; /home/leema/codeclusterfuck/Logic-Circuits/2.5/ULA/full_adder1b.vhd    ;         ;
; logic_component.vhd              ; yes             ; User VHDL File  ; /home/leema/codeclusterfuck/Logic-Circuits/2.5/ULA/logic_component.vhd ;         ;
+----------------------------------+-----------------+-----------------+------------------------------------------------------------------------+---------+


+---------------------------------------------------------+
; Analysis & Synthesis Resource Usage Summary             ;
+---------------------------------------------+-----------+
; Resource                                    ; Usage     ;
+---------------------------------------------+-----------+
; Estimated Total logic elements              ; 214       ;
;                                             ;           ;
; Total combinational functions               ; 175       ;
; Logic element usage by number of LUT inputs ;           ;
;     -- 4 input functions                    ; 138       ;
;     -- 3 input functions                    ; 21        ;
;     -- <=2 input functions                  ; 16        ;
;                                             ;           ;
; Logic elements by mode                      ;           ;
;     -- normal mode                          ; 175       ;
;     -- arithmetic mode                      ; 0         ;
;                                             ;           ;
; Total registers                             ; 43        ;
;     -- Dedicated logic registers            ; 43        ;
;     -- I/O registers                        ; 0         ;
;                                             ;           ;
; I/O pins                                    ; 73        ;
;                                             ;           ;
; Embedded Multiplier 9-bit elements          ; 0         ;
;                                             ;           ;
; Maximum fan-out node                        ; clk~input ;
; Maximum fan-out                             ; 43        ;
; Total fan-out                               ; 891       ;
; Average fan-out                             ; 2.45      ;
+---------------------------------------------+-----------+


+-----------------------------------------------------------------------------------------------------------------------------------------------------------------------------------------------------------------------------------------------------------------------------------------------------+
; Analysis & Synthesis Resource Utilization by Entity                                                                                                                                                                                                                                                 ;
+----------------------------------------------+---------------------+---------------------------+-------------+--------------+---------+-----------+------+--------------+------------------------------------------------------------------------------------------+-----------------+--------------+
; Compilation Hierarchy Node                   ; Combinational ALUTs ; Dedicated Logic Registers ; Memory Bits ; DSP Elements ; DSP 9x9 ; DSP 18x18 ; Pins ; Virtual Pins ; Full Hierarchy Name                                                                      ; Entity Name     ; Library Name ;
+----------------------------------------------+---------------------+---------------------------+-------------+--------------+---------+-----------+------+--------------+------------------------------------------------------------------------------------------+-----------------+--------------+
; |altera_frontend                             ; 175 (47)            ; 43 (43)                   ; 0           ; 0            ; 0       ; 0         ; 73   ; 0            ; |altera_frontend                                                                         ; altera_frontend ; work         ;
;    |hex_to_7seg:hex_to_7seg_inst|            ; 28 (28)             ; 0 (0)                     ; 0           ; 0            ; 0       ; 0         ; 0    ; 0            ; |altera_frontend|hex_to_7seg:hex_to_7seg_inst                                            ; hex_to_7seg     ; work         ;
;    |ula_16b:ula_16b_inst|                    ; 100 (0)             ; 0 (0)                     ; 0           ; 0            ; 0       ; 0         ; 0    ; 0            ; |altera_frontend|ula_16b:ula_16b_inst                                                    ; ula_16b         ; work         ;
;       |full_adder16b:i1|                     ; 35 (0)              ; 0 (0)                     ; 0           ; 0            ; 0       ; 0         ; 0    ; 0            ; |altera_frontend|ula_16b:ula_16b_inst|full_adder16b:i1                                   ; full_adder16b   ; work         ;
;          |full_adder1b:\gen_adders:0:adder|  ; 4 (4)               ; 0 (0)                     ; 0           ; 0            ; 0       ; 0         ; 0    ; 0            ; |altera_frontend|ula_16b:ula_16b_inst|full_adder16b:i1|full_adder1b:\gen_adders:0:adder  ; full_adder1b    ; work         ;
;          |full_adder1b:\gen_adders:10:adder| ; 2 (2)               ; 0 (0)                     ; 0           ; 0            ; 0       ; 0         ; 0    ; 0            ; |altera_frontend|ula_16b:ula_16b_inst|full_adder16b:i1|full_adder1b:\gen_adders:10:adder ; full_adder1b    ; work         ;
;          |full_adder1b:\gen_adders:11:adder| ; 2 (2)               ; 0 (0)                     ; 0           ; 0            ; 0       ; 0         ; 0    ; 0            ; |altera_frontend|ula_16b:ula_16b_inst|full_adder16b:i1|full_adder1b:\gen_adders:11:adder ; full_adder1b    ; work         ;
;          |full_adder1b:\gen_adders:12:adder| ; 2 (2)               ; 0 (0)                     ; 0           ; 0            ; 0       ; 0         ; 0    ; 0            ; |altera_frontend|ula_16b:ula_16b_inst|full_adder16b:i1|full_adder1b:\gen_adders:12:adder ; full_adder1b    ; work         ;
;          |full_adder1b:\gen_adders:13:adder| ; 2 (2)               ; 0 (0)                     ; 0           ; 0            ; 0       ; 0         ; 0    ; 0            ; |altera_frontend|ula_16b:ula_16b_inst|full_adder16b:i1|full_adder1b:\gen_adders:13:adder ; full_adder1b    ; work         ;
;          |full_adder1b:\gen_adders:14:adder| ; 2 (2)               ; 0 (0)                     ; 0           ; 0            ; 0       ; 0         ; 0    ; 0            ; |altera_frontend|ula_16b:ula_16b_inst|full_adder16b:i1|full_adder1b:\gen_adders:14:adder ; full_adder1b    ; work         ;
;          |full_adder1b:\gen_adders:15:adder| ; 2 (2)               ; 0 (0)                     ; 0           ; 0            ; 0       ; 0         ; 0    ; 0            ; |altera_frontend|ula_16b:ula_16b_inst|full_adder16b:i1|full_adder1b:\gen_adders:15:adder ; full_adder1b    ; work         ;
;          |full_adder1b:\gen_adders:1:adder|  ; 2 (2)               ; 0 (0)                     ; 0           ; 0            ; 0       ; 0         ; 0    ; 0            ; |altera_frontend|ula_16b:ula_16b_inst|full_adder16b:i1|full_adder1b:\gen_adders:1:adder  ; full_adder1b    ; work         ;
;          |full_adder1b:\gen_adders:2:adder|  ; 2 (2)               ; 0 (0)                     ; 0           ; 0            ; 0       ; 0         ; 0    ; 0            ; |altera_frontend|ula_16b:ula_16b_inst|full_adder16b:i1|full_adder1b:\gen_adders:2:adder  ; full_adder1b    ; work         ;
;          |full_adder1b:\gen_adders:3:adder|  ; 2 (2)               ; 0 (0)                     ; 0           ; 0            ; 0       ; 0         ; 0    ; 0            ; |altera_frontend|ula_16b:ula_16b_inst|full_adder16b:i1|full_adder1b:\gen_adders:3:adder  ; full_adder1b    ; work         ;
;          |full_adder1b:\gen_adders:4:adder|  ; 2 (2)               ; 0 (0)                     ; 0           ; 0            ; 0       ; 0         ; 0    ; 0            ; |altera_frontend|ula_16b:ula_16b_inst|full_adder16b:i1|full_adder1b:\gen_adders:4:adder  ; full_adder1b    ; work         ;
;          |full_adder1b:\gen_adders:5:adder|  ; 2 (2)               ; 0 (0)                     ; 0           ; 0            ; 0       ; 0         ; 0    ; 0            ; |altera_frontend|ula_16b:ula_16b_inst|full_adder16b:i1|full_adder1b:\gen_adders:5:adder  ; full_adder1b    ; work         ;
;          |full_adder1b:\gen_adders:6:adder|  ; 2 (2)               ; 0 (0)                     ; 0           ; 0            ; 0       ; 0         ; 0    ; 0            ; |altera_frontend|ula_16b:ula_16b_inst|full_adder16b:i1|full_adder1b:\gen_adders:6:adder  ; full_adder1b    ; work         ;
;          |full_adder1b:\gen_adders:7:adder|  ; 2 (2)               ; 0 (0)                     ; 0           ; 0            ; 0       ; 0         ; 0    ; 0            ; |altera_frontend|ula_16b:ula_16b_inst|full_adder16b:i1|full_adder1b:\gen_adders:7:adder  ; full_adder1b    ; work         ;
;          |full_adder1b:\gen_adders:8:adder|  ; 4 (4)               ; 0 (0)                     ; 0           ; 0            ; 0       ; 0         ; 0    ; 0            ; |altera_frontend|ula_16b:ula_16b_inst|full_adder16b:i1|full_adder1b:\gen_adders:8:adder  ; full_adder1b    ; work         ;
;          |full_adder1b:\gen_adders:9:adder|  ; 1 (1)               ; 0 (0)                     ; 0           ; 0            ; 0       ; 0         ; 0    ; 0            ; |altera_frontend|ula_16b:ula_16b_inst|full_adder16b:i1|full_adder1b:\gen_adders:9:adder  ; full_adder1b    ; work         ;
;       |logic_component:i0|                   ; 65 (65)             ; 0 (0)                     ; 0           ; 0            ; 0       ; 0         ; 0    ; 0            ; |altera_frontend|ula_16b:ula_16b_inst|logic_component:i0                                 ; logic_component ; work         ;
+----------------------------------------------+---------------------+---------------------------+-------------+--------------+---------+-----------+------+--------------+------------------------------------------------------------------------------------------+-----------------+--------------+
Note: For table entries with two numbers listed, the numbers in parentheses indicate the number of resources of the given type used by the specific entity alone. The numbers listed outside of parentheses indicate the total resources of the given type used by the specific entity and all of its sub-entities in the hierarchy.


Encoding Type:  One-Hot
+----------------------------------------------------------------------------------------------------------------------------------------------+
; State Machine - |altera_frontend|estado_atual                                                                                                ;
+--------------------------+--------------------------+----------------------+----------------------+-------------------+----------------------+
; Name                     ; estado_atual.SHOW_RESULT ; estado_atual.INPUT_S ; estado_atual.INPUT_B ; estado_atual.IDLE ; estado_atual.INPUT_A ;
+--------------------------+--------------------------+----------------------+----------------------+-------------------+----------------------+
; estado_atual.INPUT_A     ; 0                        ; 0                    ; 0                    ; 0                 ; 0                    ;
; estado_atual.IDLE        ; 0                        ; 0                    ; 0                    ; 1                 ; 1                    ;
; estado_atual.INPUT_B     ; 0                        ; 0                    ; 1                    ; 0                 ; 1                    ;
; estado_atual.INPUT_S     ; 0                        ; 1                    ; 0                    ; 0                 ; 1                    ;
; estado_atual.SHOW_RESULT ; 1                        ; 0                    ; 0                    ; 0                 ; 1                    ;
+--------------------------+--------------------------+----------------------+----------------------+-------------------+----------------------+


+--------------------------------------------------------------------------------+
; Registers Removed During Synthesis                                             ;
+---------------------------------------+----------------------------------------+
; Register name                         ; Reason for Removal                     ;
+---------------------------------------+----------------------------------------+
; estado_atual.IDLE                     ; Stuck at GND due to stuck port data_in ;
; Total Number of Removed Registers = 1 ;                                        ;
+---------------------------------------+----------------------------------------+


+------------------------------------------------------+
; General Register Statistics                          ;
+----------------------------------------------+-------+
; Statistic                                    ; Value ;
+----------------------------------------------+-------+
; Total registers                              ; 43    ;
; Number of registers using Synchronous Clear  ; 0     ;
; Number of registers using Synchronous Load   ; 0     ;
; Number of registers using Asynchronous Clear ; 0     ;
; Number of registers using Asynchronous Load  ; 0     ;
; Number of registers using Clock Enable       ; 35    ;
; Number of registers using Preset             ; 0     ;
+----------------------------------------------+-------+


+------------------------------------------------------------------------------------------------------------------------------------------------------------------------------+
; Multiplexer Restructuring Statistics (Restructuring Performed)                                                                                                               ;
+--------------------+-----------+---------------+----------------------+------------------------+------------+----------------------------------------------------------------+
; Multiplexer Inputs ; Bus Width ; Baseline Area ; Area if Restructured ; Saving if Restructured ; Registered ; Example Multiplexer Output                                     ;
+--------------------+-----------+---------------+----------------------+------------------------+------------+----------------------------------------------------------------+
; 8:1                ; 14 bits   ; 70 LEs        ; 56 LEs               ; 14 LEs                 ; No         ; |altera_frontend|ula_16b:ula_16b_inst|logic_component:i0|Mux8  ;
; 8:1                ; 16 bits   ; 80 LEs        ; 32 LEs               ; 48 LEs                 ; No         ; |altera_frontend|ula_16b:ula_16b_inst|logic_component:i0|Mux16 ;
; 5:1                ; 5 bits    ; 15 LEs        ; 15 LEs               ; 0 LEs                  ; No         ; |altera_frontend|estado_atual                                  ;
; 5:1                ; 13 bits   ; 39 LEs        ; 39 LEs               ; 0 LEs                  ; No         ; |altera_frontend|Selector10                                    ;
; 5:1                ; 3 bits    ; 9 LEs         ; 6 LEs                ; 3 LEs                  ; No         ; |altera_frontend|Selector13                                    ;
+--------------------+-----------+---------------+----------------------+------------------------+------------+----------------------------------------------------------------+


+-----------------------------------------------------+
; Post-Synthesis Netlist Statistics for Top Partition ;
+-----------------------+-----------------------------+
; Type                  ; Count                       ;
+-----------------------+-----------------------------+
; boundary_port         ; 73                          ;
; cycloneiii_ff         ; 43                          ;
;     ENA               ; 35                          ;
;     plain             ; 8                           ;
; cycloneiii_lcell_comb ; 182                         ;
;     normal            ; 182                         ;
;         0 data inputs ; 1                           ;
;         1 data inputs ; 6                           ;
;         2 data inputs ; 16                          ;
;         3 data inputs ; 21                          ;
;         4 data inputs ; 138                         ;
;                       ;                             ;
; Max LUT depth         ; 19.00                       ;
; Average LUT depth     ; 10.02                       ;
+-----------------------+-----------------------------+


+-------------------------------+
; Elapsed Time Per Partition    ;
+----------------+--------------+
; Partition Name ; Elapsed Time ;
+----------------+--------------+
; Top            ; 00:00:00     ;
+----------------+--------------+


+-------------------------------+
; Analysis & Synthesis Messages ;
+-------------------------------+
Info: *******************************************************************
Info: Running Quartus Prime Analysis & Synthesis
    Info: Version 23.1std.1 Build 993 05/14/2024 SC Lite Edition
    Info: Processing started: Wed Jan 29 14:16:21 2025
Info: Command: quartus_map --read_settings_files=on --write_settings_files=off ula_16b -c ula_16b
Warning (18236): Number of processors has not been specified which may cause overloading on shared machines.  Set the global assignment NUM_PARALLEL_PROCESSORS in your QSF to an appropriate value for best performance.
Info (20030): Parallel compilation is enabled and will use 12 of the 12 processors detected
Info (12021): Found 2 design units, including 1 entities, in source file altera_frontend.vhd
    Info (12022): Found design unit 1: altera_frontend-rtl File: /home/leema/codeclusterfuck/Logic-Circuits/2.5/ULA/altera_frontend.vhd Line: 19
    Info (12023): Found entity 1: altera_frontend File: /home/leema/codeclusterfuck/Logic-Circuits/2.5/ULA/altera_frontend.vhd Line: 4
Info (12021): Found 2 design units, including 1 entities, in source file hex_to_7seg.vhd
    Info (12022): Found design unit 1: hex_to_7seg-Behavioral File: /home/leema/codeclusterfuck/Logic-Circuits/2.5/ULA/hex_to_7seg.vhd Line: 12
    Info (12023): Found entity 1: hex_to_7seg File: /home/leema/codeclusterfuck/Logic-Circuits/2.5/ULA/hex_to_7seg.vhd Line: 5
Info (12021): Found 2 design units, including 1 entities, in source file view_altera.vhd
    Info (12022): Found design unit 1: view_altera-rtl File: /home/leema/codeclusterfuck/Logic-Circuits/2.5/ULA/view_altera.vhd Line: 18
    Info (12023): Found entity 1: view_altera File: /home/leema/codeclusterfuck/Logic-Circuits/2.5/ULA/view_altera.vhd Line: 5
Info (12021): Found 2 design units, including 1 entities, in source file full_adder16b.vhd
    Info (12022): Found design unit 1: full_adder16b-Structural File: /home/leema/codeclusterfuck/Logic-Circuits/2.5/ULA/full_adder16b.vhd Line: 13
    Info (12023): Found entity 1: full_adder16b File: /home/leema/codeclusterfuck/Logic-Circuits/2.5/ULA/full_adder16b.vhd Line: 4
Info (12021): Found 2 design units, including 1 entities, in source file ula_16b.vhd
    Info (12022): Found design unit 1: ula_16b-Structural File: /home/leema/codeclusterfuck/Logic-Circuits/2.5/ULA/ula_16b.vhd Line: 14
    Info (12023): Found entity 1: ula_16b File: /home/leema/codeclusterfuck/Logic-Circuits/2.5/ULA/ula_16b.vhd Line: 5
Info (12021): Found 2 design units, including 1 entities, in source file full_adder1b.vhd
    Info (12022): Found design unit 1: full_adder1b-Behavioral File: /home/leema/codeclusterfuck/Logic-Circuits/2.5/ULA/full_adder1b.vhd Line: 12
    Info (12023): Found entity 1: full_adder1b File: /home/leema/codeclusterfuck/Logic-Circuits/2.5/ULA/full_adder1b.vhd Line: 4
Info (12021): Found 2 design units, including 1 entities, in source file logic_component.vhd
    Info (12022): Found design unit 1: logic_component-Behavioral File: /home/leema/codeclusterfuck/Logic-Circuits/2.5/ULA/logic_component.vhd Line: 13
    Info (12023): Found entity 1: logic_component File: /home/leema/codeclusterfuck/Logic-Circuits/2.5/ULA/logic_component.vhd Line: 4
Info (12127): Elaborating entity "altera_frontend" for the top level hierarchy
Warning (10492): VHDL Process Statement warning at altera_frontend.vhd(49): signal "clk" is read inside the Process Statement but isn't in the Process Statement's sensitivity list File: /home/leema/codeclusterfuck/Logic-Circuits/2.5/ULA/altera_frontend.vhd Line: 49
Info (12128): Elaborating entity "hex_to_7seg" for hierarchy "hex_to_7seg:hex_to_7seg_inst" File: /home/leema/codeclusterfuck/Logic-Circuits/2.5/ULA/altera_frontend.vhd Line: 92
Info (12128): Elaborating entity "ula_16b" for hierarchy "ula_16b:ula_16b_inst" File: /home/leema/codeclusterfuck/Logic-Circuits/2.5/ULA/altera_frontend.vhd Line: 95
Info (12128): Elaborating entity "logic_component" for hierarchy "ula_16b:ula_16b_inst|logic_component:i0" File: /home/leema/codeclusterfuck/Logic-Circuits/2.5/ULA/ula_16b.vhd Line: 21
Warning (10492): VHDL Process Statement warning at logic_component.vhd(23): signal "select_signal" is read inside the Process Statement but isn't in the Process Statement's sensitivity list File: /home/leema/codeclusterfuck/Logic-Circuits/2.5/ULA/logic_component.vhd Line: 23
Info (12128): Elaborating entity "full_adder16b" for hierarchy "ula_16b:ula_16b_inst|full_adder16b:i1" File: /home/leema/codeclusterfuck/Logic-Circuits/2.5/ULA/ula_16b.vhd Line: 29
Info (12128): Elaborating entity "full_adder1b" for hierarchy "ula_16b:ula_16b_inst|full_adder16b:i1|full_adder1b:\gen_adders:0:adder" File: /home/leema/codeclusterfuck/Logic-Circuits/2.5/ULA/full_adder16b.vhd Line: 22
Warning (13024): Output pins are stuck at VCC or GND
    Warning (13410): Pin "HEX4_state[2]" is stuck at GND File: /home/leema/codeclusterfuck/Logic-Circuits/2.5/ULA/altera_frontend.vhd Line: 12
    Warning (13410): Pin "HEX4_state[5]" is stuck at GND File: /home/leema/codeclusterfuck/Logic-Circuits/2.5/ULA/altera_frontend.vhd Line: 12
Info (286030): Timing-Driven Synthesis is running
Info (16010): Generating hard_block partition "hard_block:auto_generated_inst"
    Info (16011): Adding 0 node(s), including 0 DDIO, 0 PLL, 0 transceiver and 0 LCELL
Info (21057): Implemented 287 device resources after synthesis - the final resource count might be different
    Info (21058): Implemented 21 input pins
    Info (21059): Implemented 52 output pins
    Info (21061): Implemented 214 logic cells
Info: Quartus Prime Analysis & Synthesis was successful. 0 errors, 6 warnings
    Info: Peak virtual memory: 477 megabytes
    Info: Processing ended: Wed Jan 29 14:16:27 2025
    Info: Elapsed time: 00:00:06
    Info: Total CPU time (on all processors): 00:00:13


